TN:
SF:/Users/renchenyu/Devel/hubpd-projects/brainfuck/src/interpreter.rs
FNF:0
DA:49,4
DA:50,4
DA:51,2
DA:52,2
DA:65,9
DA:66,32954
DA:67,9
DA:68,9
DA:69,9
DA:70,9
DA:71,9
DA:72,2865
DA:73,2857
DA:74,2857
DA:76,105
DA:77,90134
DA:78,60026
DA:79,30013
DA:81,69
DA:82,34
DA:86,111
DA:87,278
DA:88,126
DA:89,63
DA:91,73
DA:92,36
DA:95,23
DA:96,23
DA:98,11
DA:99,11
DA:101,14
DA:102,14
DA:103,14
DA:104,14
DA:105,14
DA:106,14
DA:109,14
DA:110,13
DA:111,13
DA:112,13
DA:115,1
DA:116,1
DA:117,1
DA:118,1
DA:122,66
DA:123,66
DA:124,66
DA:126,2657
DA:128,2856
DA:129,2856
DA:132,9
DA:133,1
DA:134,1
DA:135,1
DA:136,1
DA:140,7
DA:143,7
DA:144,7
DA:145,7
DA:146,7
DA:148,682
DA:149,679
DA:150,288
DA:151,673
DA:152,2
DA:153,2
DA:154,2
DA:158,286
DA:160,256
DA:162,17
DA:163,17
DA:164,18
DA:165,1
DA:166,1
DA:171,5
DA:172,6
DA:173,1
DA:174,1
DA:178,20
DA:179,21
DA:180,1
DA:183,93
DA:184,167
DA:185,74
DA:190,675
DA:193,3
LF:86
LH:86
end_of_record
TN:
SF:/Users/renchenyu/Devel/hubpd-projects/brainfuck/src/main.rs
FNF:0
DA:13,0
DA:14,0
DA:15,0
DA:16,0
DA:17,0
LF:5
LH:0
end_of_record
